[0m10:21:11.090033 [debug] [MainThread]: Got an exception trying to initialize tracking


============================== 10:21:11.472957 | 3a840aee-7274-49c5-b466-52e818afd8fa ==============================
[0m10:21:11.472957 [info ] [MainThread]: Running with dbt=1.11.11
[0m10:21:11.472957 [debug] [MainThread]: running dbt with arguments {'static_parser': 'True', 'no_print': 'None', 'version_check': 'True', 'target_path': 'None', 'warn_error_options': 'WarnErrorOptionsV2(error=[], warn=[], silence=[])', 'printer_width': '80', 'write_json': 'True', 'introspect': 'True', 'log_cache_events': 'False', 'empty': 'None', 'cache_selected_only': 'False', 'log_format': 'default', 'debug': 'False', 'fail_fast': 'False', 'profiles_dir': 'C:\\Users\\geflo\\.dbt', 'send_anonymous_usage_stats': 'True', 'quiet': 'False', 'warn_error': 'None', 'partial_parse': 'True', 'indirect_selection': 'eager', 'use_colors': 'True', 'invocation_command': 'dbt debug', 'use_experimental_parser': 'False', 'log_path': 'logs'}
[0m10:21:11.999725 [info ] [MainThread]: dbt version: 1.11.11
[0m10:21:11.999725 [info ] [MainThread]: python version: 3.10.19
[0m10:21:11.999725 [info ] [MainThread]: python path: C:\Users\geflo\OneDrive\Documents\DEV\GitHub\dbt_pipeline\.venv\Scripts\python.exe
[0m10:21:11.999725 [info ] [MainThread]: os info: Windows-10-10.0.26200-SP0
[0m10:21:26.968714 [debug] [MainThread]: Spark adapter: Setting pyhive.hive logging to ERROR
[0m10:21:26.972573 [debug] [MainThread]: Spark adapter: Setting thrift.transport logging to ERROR
[0m10:21:26.974580 [debug] [MainThread]: Spark adapter: Setting thrift.protocol logging to ERROR
[0m10:21:45.253366 [info ] [MainThread]: Using profiles dir at C:\Users\geflo\.dbt
[0m10:21:45.253366 [info ] [MainThread]: Using profiles.yml file at C:\Users\geflo\.dbt\profiles.yml
[0m10:21:45.253366 [info ] [MainThread]: Using dbt_project.yml file at C:\Users\geflo\OneDrive\Documents\DEV\GitHub\dbt_pipeline\dbt_project.yml
[0m10:21:45.253366 [info ] [MainThread]: adapter type: databricks
[0m10:21:45.269111 [info ] [MainThread]: adapter version: 1.12.1
[0m10:21:45.269111 [info ] [MainThread]: Configuration:
[0m10:21:45.269111 [info ] [MainThread]:   profiles.yml file [[32mOK found and valid[0m]
[0m10:21:45.269111 [info ] [MainThread]:   dbt_project.yml file [[31mERROR not found[0m]
[0m10:21:45.269111 [info ] [MainThread]: Required dependencies:
[0m10:21:45.274290 [debug] [MainThread]: Executing "git --help"
[0m10:21:45.319319 [debug] [MainThread]: STDOUT: "b"usage: git [-v | --version] [-h | --help] [-C <path>] [-c <name>=<value>]\n           [--exec-path[=<path>]] [--html-path] [--man-path] [--info-path]\n           [-p | --paginate | -P | --no-pager] [--no-replace-objects] [--no-lazy-fetch]\n           [--no-optional-locks] [--no-advice] [--bare] [--git-dir=<path>]\n           [--work-tree=<path>] [--namespace=<name>] [--config-env=<name>=<envvar>]\n           <command> [<args>]\n\nThese are common Git commands used in various situations:\n\nstart a working area (see also: git help tutorial)\n   clone      Clone a repository into a new directory\n   init       Create an empty Git repository or reinitialize an existing one\n\nwork on the current change (see also: git help everyday)\n   add        Add file contents to the index\n   mv         Move or rename a file, a directory, or a symlink\n   restore    Restore working tree files\n   rm         Remove files from the working tree and from the index\n\nexamine the history and state (see also: git help revisions)\n   bisect     Use binary search to find the commit that introduced a bug\n   diff       Show changes between commits, commit and working tree, etc\n   grep       Print lines matching a pattern\n   log        Show commit logs\n   show       Show various types of objects\n   status     Show the working tree status\n\ngrow, mark and tweak your common history\n   backfill   Download missing objects in a partial clone\n   branch     List, create, or delete branches\n   commit     Record changes to the repository\n   merge      Join two or more development histories together\n   rebase     Reapply commits on top of another base tip\n   reset      Reset current HEAD to the specified state\n   switch     Switch branches\n   tag        Create, list, delete or verify a tag object signed with GPG\n\ncollaborate (see also: git help workflows)\n   fetch      Download objects and refs from another repository\n   pull       Fetch from and integrate with another repository or a local branch\n   push       Update remote refs along with associated objects\n\n'git help -a' and 'git help -g' list available subcommands and some\nconcept guides. See 'git help <command>' or 'git help <concept>'\nto read about a specific subcommand or concept.\nSee 'git help git' for an overview of the system.\n""
[0m10:21:45.327699 [debug] [MainThread]: STDERR: "b''"
[0m10:21:45.327699 [info ] [MainThread]:  - git [[32mOK found[0m]

[0m10:21:45.327699 [info ] [MainThread]: Connection:
[0m10:21:45.327699 [info ] [MainThread]:   host: bc-8c9d4533-f1a4.cloud.databricks.com
[0m10:21:45.327699 [info ] [MainThread]:   http_path: /sql/1.0/warehouses/20f87554a69e881f
[0m10:21:45.327699 [info ] [MainThread]:   catalog: dbt_pipeline1
[0m10:21:45.327699 [info ] [MainThread]:   schema: default
[0m10:21:45.337335 [info ] [MainThread]: Registered adapter: databricks=1.12.1
[0m10:21:46.113683 [debug] [MainThread]: Databricks adapter: DatabricksDBTConnection(session-id=None, name=debug) - Creating connection
[0m10:21:46.113683 [debug] [MainThread]: Acquiring new databricks connection 'debug'
[0m10:21:48.005178 [info ] [MainThread]: Databricks adapter: SPOG discovery probe to 'https://bc-8c9d4533-f1a4.cloud.databricks.com/.well-known/databricks-config' failed after 3 attempts (last error: HTTPSConnectionPool(host='bc-8c9d4533-f1a4.cloud.databricks.com', port=443): Max retries exceeded with url: /.well-known/databricks-config (Caused by NameResolutionError("HTTPSConnection(host='bc-8c9d4533-f1a4.cloud.databricks.com', port=443): Failed to resolve 'bc-8c9d4533-f1a4.cloud.databricks.com' ([Errno 11001] getaddrinfo failed)"))). Proceeding as a non-SPOG host. If bc-8c9d4533-f1a4.cloud.databricks.com is a SPOG (unified) workspace, routing errors may follow; verify network reachability to /.well-known/databricks-config.
[0m10:21:48.005178 [info ] [MainThread]: Databricks adapter:   SPOG host (host_type=None): no
[0m10:21:48.020882 [info ] [MainThread]: Databricks adapter:   workspace_id (from ?o= in http_path): None
[0m10:21:48.022038 [info ] [MainThread]: Databricks adapter:   databricks-sql-connector version: 4.2.6 (supported)
[0m10:21:48.022038 [info ] [MainThread]: Databricks adapter:   databricks-sdk version: 0.104.0 (supported)
[0m10:21:48.026313 [debug] [MainThread]: Using databricks connection "debug"
[0m10:21:48.027246 [debug] [MainThread]: On debug: select 1 as id
[0m10:21:48.028876 [debug] [MainThread]: Opening a new connection, currently in state init
[0m10:55:42.388450 [debug] [MainThread]: Sending event: {'category': 'dbt', 'action': 'invocation', 'label': 'start', 'context': [<snowplow_tracker.self_describing_json.SelfDescribingJson object at 0x0000020F45A61A50>, <snowplow_tracker.self_describing_json.SelfDescribingJson object at 0x0000020F46BC43A0>, <snowplow_tracker.self_describing_json.SelfDescribingJson object at 0x0000020F46BC41C0>]}


============================== 10:55:42.395632 | d7805fc3-3dee-4246-8f86-b51785b1f520 ==============================
[0m10:55:42.395632 [info ] [MainThread]: Running with dbt=1.11.11
[0m10:55:42.397646 [debug] [MainThread]: running dbt with arguments {'static_parser': 'True', 'no_print': 'None', 'version_check': 'True', 'warn_error_options': 'WarnErrorOptionsV2(error=[], warn=[], silence=[])', 'target_path': 'None', 'printer_width': '80', 'write_json': 'True', 'introspect': 'True', 'log_cache_events': 'False', 'empty': 'False', 'cache_selected_only': 'False', 'log_format': 'default', 'debug': 'False', 'fail_fast': 'False', 'profiles_dir': 'C:\\Users\\geflo\\.dbt', 'send_anonymous_usage_stats': 'True', 'quiet': 'False', 'warn_error': 'None', 'partial_parse': 'True', 'use_colors': 'True', 'indirect_selection': 'eager', 'invocation_command': 'dbt run', 'use_experimental_parser': 'False', 'log_path': 'logs'}
[0m10:55:42.399656 [error] [MainThread]: Encountered an error:
Runtime Error
  No dbt_project.yml found at expected path C:\Users\geflo\OneDrive\Documents\DEV\GitHub\dbt_pipeline\dbt_project.yml
  Verify that each entry within packages.yml (and their transitive dependencies) contains a file named dbt_project.yml
  
[0m10:55:42.401664 [debug] [MainThread]: Command `dbt run` failed at 10:55:42.401664 after 0.16 seconds
[0m10:55:42.401664 [debug] [MainThread]: Sending event: {'category': 'dbt', 'action': 'invocation', 'label': 'end', 'context': [<snowplow_tracker.self_describing_json.SelfDescribingJson object at 0x0000020F45A61A50>, <snowplow_tracker.self_describing_json.SelfDescribingJson object at 0x0000020F46BC4490>, <snowplow_tracker.self_describing_json.SelfDescribingJson object at 0x0000020F46BC4460>]}
[0m10:55:42.403671 [debug] [MainThread]: Flushing usage events
[0m10:55:42.755388 [debug] [MainThread]: An error was encountered while trying to flush usage events
